<?xml version="1.0" encoding="UTF-8"?>
<!-- Generated by org.testng.reporters.JUnitReportReporter -->
<testsuite hostname="DESKTOP-PEJRVTF" name="pageObject.PageLogin" tests="1" failures="0" timestamp="12 Feb 2021 03:24:05 GMT" time="0.378" errors="0">
  <testcase name="testlogin" time="0.378" classname="pageObject.PageLogin"/>
</testsuite> <!-- pageObject.PageLogin -->
