<?xml version="1.0" encoding="UTF-8"?>
<!-- Generated by org.testng.reporters.JUnitReportReporter -->
<testsuite hostname="DESKTOP-PEJRVTF" name="com.krn.Actitime.users.DeleteUser" tests="1" failures="0" timestamp="7 Feb 2021 02:18:20 GMT" time="0.004" errors="0">
  <testcase name="testDeleteUser" time="0.004" classname="com.krn.Actitime.users.DeleteUser"/>
</testsuite> <!-- com.krn.Actitime.users.DeleteUser -->
