<?xml version="1.0" encoding="UTF-8"?>
<!-- Generated by org.testng.reporters.JUnitReportReporter -->
<testsuite hostname="DESKTOP-PEJRVTF" name="com.krn.Actitime.Pageobject.PageFacebook" tests="1" failures="0" timestamp="12 Feb 2021 04:33:28 GMT" time="0.902" errors="0">
  <testcase name="testLogin" time="0.902" classname="com.krn.Actitime.Pageobject.PageFacebook"/>
</testsuite> <!-- com.krn.Actitime.Pageobject.PageFacebook -->
