<?xml version="1.0" encoding="UTF-8"?>
<!-- Generated by org.testng.reporters.JUnitReportReporter -->
<testsuite hostname="DESKTOP-PEJRVTF" name="com.krn.Actitime.users.CreateUser" tests="1" failures="0" timestamp="7 Feb 2021 02:18:20 GMT" time="0.013" errors="0">
  <testcase name="testCreateUser" time="0.013" classname="com.krn.Actitime.users.CreateUser"/>
</testsuite> <!-- com.krn.Actitime.users.CreateUser -->
