<?xml version="1.0" encoding="UTF-8"?>
<!-- Generated by org.testng.reporters.JUnitReportReporter -->
<testsuite hostname="DESKTOP-PEJRVTF" name="com.Actitime.testCases.TC_CreateTask_003" tests="2" failures="0" timestamp="28 Mar 2021 02:45:45 GMT" time="43.339" errors="0">
  <testcase name="createTask" time="14.456" classname="com.Actitime.testCases.TC_CreateTask_003"/>
  <testcase name="getText" time="28.883" classname="com.Actitime.testCases.TC_CreateTask_003"/>
</testsuite> <!-- com.Actitime.testCases.TC_CreateTask_003 -->
