<?xml version="1.0" encoding="UTF-8"?>
<!-- Generated by org.testng.reporters.JUnitReportReporter -->
<testsuite hostname="DESKTOP-PEJRVTF" name="com.krn.Actitime.tasks.CreateCustomer" tests="1" failures="0" timestamp="8 Feb 2021 05:44:52 GMT" time="11.281" errors="0">
  <testcase name="testCreateCustomer" time="11.281" classname="com.krn.Actitime.tasks.CreateCustomer"/>
</testsuite> <!-- com.krn.Actitime.tasks.CreateCustomer -->
