<?xml version="1.0" encoding="UTF-8"?>
<!-- Generated by org.testng.reporters.JUnitReportReporter -->
<testsuite hostname="DESKTOP-PEJRVTF" name="com.Actitime.testCases.TC_DataTest_002" tests="8" failures="0" timestamp="28 Mar 2021 02:45:44 GMT" time="52.151" errors="0">
  <testcase name="logout" time="2.001" classname="com.Actitime.testCases.TC_DataTest_002"/>
  <testcase name="getCellData" time="12.801" classname="com.Actitime.testCases.TC_DataTest_002"/>
  <testcase name="getCellData" time="6.461" classname="com.Actitime.testCases.TC_DataTest_002"/>
  <testcase name="getCellData" time="9.855" classname="com.Actitime.testCases.TC_DataTest_002"/>
  <testcase name="getCellData" time="5.993" classname="com.Actitime.testCases.TC_DataTest_002"/>
  <testcase name="getText" time="3.144" classname="com.Actitime.testCases.TC_DataTest_002"/>
  <testcase name="getCellData" time="5.725" classname="com.Actitime.testCases.TC_DataTest_002"/>
  <testcase name="getCellData" time="6.171" classname="com.Actitime.testCases.TC_DataTest_002"/>
</testsuite> <!-- com.Actitime.testCases.TC_DataTest_002 -->
