<?xml version="1.0" encoding="UTF-8"?>
<!-- Generated by org.testng.reporters.JUnitReportReporter -->
<testsuite hostname="DESKTOP-PEJRVTF" name="com.Actitime.testCases.TC_LoginTest_001" tests="3" failures="0" timestamp="28 Mar 2021 02:45:45 GMT" time="20.926" errors="0">
  <testcase name="getText" time="8.924" classname="com.Actitime.testCases.TC_LoginTest_001"/>
  <testcase name="testLogin" time="8.140" classname="com.Actitime.testCases.TC_LoginTest_001"/>
  <testcase name="logout" time="3.862" classname="com.Actitime.testCases.TC_LoginTest_001"/>
</testsuite> <!-- com.Actitime.testCases.TC_LoginTest_001 -->
